<?xml version="1.0" encoding="UTF-8"?>
<!-- Generated by org.testng.reporters.JUnitReportReporter -->
<testsuite skipped="0" hostname="LAPTOP-S220IUBQ" name="com.data.Data_Validation" tests="1" failures="0" timestamp="2022-02-11T19:48:00 IST" time="4.100" errors="0">
  <testcase name="validate_Data" time="4.100" classname="com.data.Data_Validation"/>
  <system-out/>
</testsuite> <!-- com.data.Data_Validation -->
